Copyright 1986-2022 Xilinx, Inc. All Rights Reserved. Copyright 2022-2023 Advanced Micro Devices, Inc. All Rights Reserved.
---------------------------------------------------------------------------------------------------------------------------------------------
| Tool Version : Vivado v.2023.1 (lin64) Build 3865809 Sun May  7 15:04:56 MDT 2023
| Date         : Fri Apr 25 21:14:20 2025
| Host         : mg running 64-bit Ubuntu 24.04.2 LTS
| Command      : upgrade_ip
| Device       : xc7z010clg400-1
---------------------------------------------------------------------------------------------------------------------------------------------

Upgrade Log for IP 'design_1_axi_slave_led_switch_0_0'

1. Summary
----------

SUCCESS in the upgrade of design_1_axi_slave_led_switch_0_0 (user.org:user:axi_slave_led_switch:1.0) from (Rev. 7) to (Rev. 8)






Copyright 1986-2022 Xilinx, Inc. All Rights Reserved. Copyright 2022-2023 Advanced Micro Devices, Inc. All Rights Reserved.
---------------------------------------------------------------------------------------------------------------------------------------------
| Tool Version : Vivado v.2023.1 (lin64) Build 3865809 Sun May  7 15:04:56 MDT 2023
| Date         : Fri Apr 25 20:39:11 2025
| Host         : mg running 64-bit Ubuntu 24.04.2 LTS
| Command      : upgrade_ip
| Device       : xc7z010clg400-1
---------------------------------------------------------------------------------------------------------------------------------------------

Upgrade Log for IP 'design_1_axi_slave_led_switch_0_0'

1. Summary
----------

SUCCESS in the upgrade of design_1_axi_slave_led_switch_0_0 (user.org:user:axi_slave_led_switch:1.0) from (Rev. 6) to (Rev. 7)






Copyright 1986-2022 Xilinx, Inc. All Rights Reserved. Copyright 2022-2023 Advanced Micro Devices, Inc. All Rights Reserved.
---------------------------------------------------------------------------------------------------------------------------------------------
| Tool Version : Vivado v.2023.1 (lin64) Build 3865809 Sun May  7 15:04:56 MDT 2023
| Date         : Fri Apr 25 20:26:27 2025
| Host         : mg running 64-bit Ubuntu 24.04.2 LTS
| Command      : upgrade_ip
| Device       : xc7z010clg400-1
---------------------------------------------------------------------------------------------------------------------------------------------

Upgrade Log for IP 'design_1_axi_slave_led_switch_0_0'

1. Summary
----------

SUCCESS in the upgrade of design_1_axi_slave_led_switch_0_0 (user.org:user:axi_slave_led_switch:1.0) from (Rev. 5) to (Rev. 6)






Copyright 1986-2022 Xilinx, Inc. All Rights Reserved. Copyright 2022-2023 Advanced Micro Devices, Inc. All Rights Reserved.
---------------------------------------------------------------------------------------------------------------------------------------------
| Tool Version : Vivado v.2023.1 (lin64) Build 3865809 Sun May  7 15:04:56 MDT 2023
| Date         : Fri Apr 25 19:58:16 2025
| Host         : mg running 64-bit Ubuntu 24.04.2 LTS
| Command      : upgrade_ip
| Device       : xc7z010clg400-1
---------------------------------------------------------------------------------------------------------------------------------------------

Upgrade Log for IP 'design_1_axi_slave_led_switch_0_0'

1. Summary
----------

SUCCESS in the upgrade of design_1_axi_slave_led_switch_0_0 (user.org:user:axi_slave_led_switch:1.0) from (Rev. 4) to (Rev. 5)






Copyright 1986-2022 Xilinx, Inc. All Rights Reserved. Copyright 2022-2023 Advanced Micro Devices, Inc. All Rights Reserved.
---------------------------------------------------------------------------------------------------------------------------------------------
| Tool Version : Vivado v.2023.1 (lin64) Build 3865809 Sun May  7 15:04:56 MDT 2023
| Date         : Fri Apr 25 19:57:13 2025
| Host         : mg running 64-bit Ubuntu 24.04.2 LTS
| Command      : upgrade_ip
| Device       : xc7z010clg400-1
---------------------------------------------------------------------------------------------------------------------------------------------

Upgrade Log for IP 'design_1_axi_slave_led_switch_0_0'

1. Summary
----------

SUCCESS in the upgrade of design_1_axi_slave_led_switch_0_0 (user.org:user:axi_slave_led_switch:1.0) from (Rev. 3) to (Rev. 4)






Copyright 1986-2022 Xilinx, Inc. All Rights Reserved. Copyright 2022-2023 Advanced Micro Devices, Inc. All Rights Reserved.
---------------------------------------------------------------------------------------------------------------------------------------------
| Tool Version : Vivado v.2023.1 (lin64) Build 3865809 Sun May  7 15:04:56 MDT 2023
| Date         : Mon Apr 21 21:15:34 2025
| Host         : mg running 64-bit Ubuntu 24.04.2 LTS
| Command      : upgrade_ip
| Device       : xc7z010clg400-1
---------------------------------------------------------------------------------------------------------------------------------------------

Upgrade Log for IP 'design_1_axi_slave_led_switch_0_0'

1. Summary
----------

SUCCESS in the upgrade of design_1_axi_slave_led_switch_0_0 (user.org:user:axi_slave_led_switch:1.0) from (Rev. 2) to (Rev. 3)

